<?xml version="1.0" encoding="UTF-8"?>
<!-- Generated by org.testng.reporters.JUnitReportReporter -->
<testsuite skipped="0" hostname="IN-PF1ZJ1Z0" name="testngdemo.MyFirstTestNG3" tests="3" failures="0" timestamp="2021-02-13T19:43:26 IST" time="0.008" errors="0">
  <testcase name="test7" time="0.004" classname="testngdemo.MyFirstTestNG3"/>
  <system-out/>
  <testcase name="test8" time="0.002" classname="testngdemo.MyFirstTestNG3"/>
  <system-out/>
  <testcase name="test9" time="0.002" classname="testngdemo.MyFirstTestNG3"/>
  <system-out/>
</testsuite> <!-- testngdemo.MyFirstTestNG3 -->
