<?xml version="1.0" encoding="UTF-8"?>
<!-- Generated by org.testng.reporters.JUnitReportReporter -->
<testsuite skipped="0" hostname="IN-PF1ZJ1Z0" name="testngdemo.MyFirstTestNG" tests="3" failures="0" timestamp="2021-02-13T19:43:26 IST" time="0.022" errors="0">
  <testcase name="test2" time="0.016" classname="testngdemo.MyFirstTestNG"/>
  <system-out/>
  <testcase name="test1" time="0.003" classname="testngdemo.MyFirstTestNG"/>
  <system-out/>
  <testcase name="test3" time="0.003" classname="testngdemo.MyFirstTestNG"/>
  <system-out/>
</testsuite> <!-- testngdemo.MyFirstTestNG -->
