<?xml version="1.0" encoding="UTF-8"?>
<!-- Generated by org.testng.reporters.JUnitReportReporter -->
<testsuite skipped="0" hostname="IN-PF1ZJ1Z0" name="testngdemo.MyFirstTestNG2" tests="3" failures="0" timestamp="2021-02-13T19:43:26 IST" time="0.005" errors="0">
  <testcase name="test4" time="0.002" classname="testngdemo.MyFirstTestNG2"/>
  <system-out/>
  <testcase name="test5" time="0.001" classname="testngdemo.MyFirstTestNG2"/>
  <system-out/>
  <testcase name="test6" time="0.002" classname="testngdemo.MyFirstTestNG2"/>
  <system-out/>
</testsuite> <!-- testngdemo.MyFirstTestNG2 -->
